build/app/intermediates/manifest_merge_blame_file/debug/manifest-merger-blame-debug-report.txt
1<?xml version="1.0" encoding="utf-8"?>
2<manifest xmlns:android="http://schemas.android.com/apk/res/android"
3    package="com.example.Connect_in_single"
4    android:versionCode="1"
5    android:versionName="1.0.0" >
6
7    <uses-sdk
8        android:minSdkVersion="16"
9        android:targetSdkVersion="29" />
10    <!--
11         Flutter needs it to communicate with the running application
12         to allow setting breakpoints, to provide hot reload, etc.
13    -->
14    <uses-permission android:name="android.permission.INTERNET" />
14-->src\debug\AndroidManifest.xml:6:5-66
14-->src\debug\AndroidManifest.xml:6:22-64
15    <uses-permission android:name="android.permission.READ_EXTERNAL_STORAGE" />
15-->[:image_picker] AndroidManifest.xml:7:5-80
15-->[:image_picker] AndroidManifest.xml:7:22-77
16    <uses-permission android:name="android.permission.WRITE_EXTERNAL_STORAGE" />
16-->[:image_picker] AndroidManifest.xml:8:5-81
16-->[:image_picker] AndroidManifest.xml:8:22-78
17    <uses-permission android:name="android.permission.ACCESS_NETWORK_STATE" />
17-->[com.google.android.gms:play-services-measurement:18.0.0] AndroidManifest.xml:24:5-79
17-->[com.google.android.gms:play-services-measurement:18.0.0] AndroidManifest.xml:24:22-76
18    <uses-permission android:name="android.permission.WAKE_LOCK" />
18-->[com.google.android.gms:play-services-measurement:18.0.0] AndroidManifest.xml:25:5-68
18-->[com.google.android.gms:play-services-measurement:18.0.0] AndroidManifest.xml:25:22-65
19    <uses-permission android:name="com.google.android.finsky.permission.BIND_GET_INSTALL_REFERRER_SERVICE" />
19-->[com.google.android.gms:play-services-measurement:18.0.0] AndroidManifest.xml:26:5-110
19-->[com.google.android.gms:play-services-measurement:18.0.0] AndroidManifest.xml:26:22-107
20    <!--
21 io.flutter.app.FlutterApplication is an android.app.Application that
22         calls FlutterMain.startInitialization(this); in its onCreate method.
23         In most cases you can leave this as-is, but you if you want to provide
24         additional functionality it is fine to subclass or reimplement
25         FlutterApplication and put your custom class here.
26    -->
27    <application
27-->src\main\AndroidManifest.xml:8:5-50:19
28        android:name="io.flutter.app.FlutterApplication"
28-->src\main\AndroidManifest.xml:9:9-57
29        android:appComponentFactory="androidx.core.app.CoreComponentFactory"
29-->[androidx.core:core:1.1.0] AndroidManifest.xml:24:18-86
30        android:debuggable="true"
31        android:icon="@mipmap/ic_launcher"
31-->src\main\AndroidManifest.xml:11:9-43
32        android:label="Connect_in_single" >
32-->src\main\AndroidManifest.xml:10:9-42
33        <activity
33-->src\main\AndroidManifest.xml:12:9-40:20
34            android:name="com.example.Connect_in_single.MainActivity"
34-->src\main\AndroidManifest.xml:13:13-41
35            android:configChanges="orientation|keyboardHidden|keyboard|screenSize|smallestScreenSize|locale|layoutDirection|fontScale|screenLayout|density|uiMode"
35-->src\main\AndroidManifest.xml:16:13-163
36            android:hardwareAccelerated="true"
36-->src\main\AndroidManifest.xml:17:13-47
37            android:launchMode="singleTop"
37-->src\main\AndroidManifest.xml:14:13-43
38            android:theme="@style/LaunchTheme"
38-->src\main\AndroidManifest.xml:15:13-47
39            android:windowSoftInputMode="adjustResize" >
39-->src\main\AndroidManifest.xml:18:13-55
40
41            <!--
42              Specifies an Android theme to apply to this Activity as soon as
43              the Android process has started. This theme is visible to the user
44              while the Flutter UI initializes. After that, this theme continues
45              to determine the Window background behind the Flutter UI.
46            -->
47            <meta-data
47-->src\main\AndroidManifest.xml:23:13-26:17
48                android:name="io.flutter.embedding.android.NormalTheme"
48-->src\main\AndroidManifest.xml:24:15-70
49                android:resource="@style/NormalTheme" />
49-->src\main\AndroidManifest.xml:25:15-52
50            <!--
51                 Displays an Android View that continues showing the launch screen
52                Drawable until Flutter paints its first frame, then this splash
53                screen fades out. A splash screen is useful to avoid any visual
54                gap between the end of Android's launch screen and the painting of
55                Flutter's first frame.
56            -->
57            <meta-data
57-->src\main\AndroidManifest.xml:32:13-35:17
58                android:name="io.flutter.embedding.android.SplashScreenDrawable"
58-->src\main\AndroidManifest.xml:33:15-79
59                android:resource="@drawable/launch_background" />
59-->src\main\AndroidManifest.xml:34:15-61
60
61            <intent-filter>
61-->src\main\AndroidManifest.xml:36:13-39:29
62                <action android:name="android.intent.action.MAIN" />
62-->src\main\AndroidManifest.xml:37:17-68
62-->src\main\AndroidManifest.xml:37:25-66
63
64                <category android:name="android.intent.category.LAUNCHER" />
64-->src\main\AndroidManifest.xml:38:17-76
64-->src\main\AndroidManifest.xml:38:27-74
65            </intent-filter>
66        </activity>
67        <activity
67-->src\main\AndroidManifest.xml:41:9-44:75
68            android:name="com.yalantis.ucrop.UCropActivity"
68-->src\main\AndroidManifest.xml:42:17-64
69            android:screenOrientation="portrait"
69-->src\main\AndroidManifest.xml:43:17-53
70            android:theme="@style/Theme.AppCompat.Light.NoActionBar" />
70-->src\main\AndroidManifest.xml:44:17-73
71        <!--
72             Don't delete the meta-data below.
73            This is used by the Flutter tool to generate GeneratedPluginRegistrant.java
74        -->
75        <meta-data
75-->src\main\AndroidManifest.xml:47:9-49:33
76            android:name="flutterEmbedding"
76-->src\main\AndroidManifest.xml:48:13-44
77            android:value="2" />
77-->src\main\AndroidManifest.xml:49:13-30
78
79        <provider
79-->[:image_picker] AndroidManifest.xml:11:9-19:20
80            android:name="io.flutter.plugins.imagepicker.ImagePickerFileProvider"
80-->[:image_picker] AndroidManifest.xml:12:13-82
81            android:authorities="com.example.Connect_in_single.flutter.image_provider"
81-->[:image_picker] AndroidManifest.xml:13:13-74
82            android:exported="false"
82-->[:image_picker] AndroidManifest.xml:14:13-37
83            android:grantUriPermissions="true" >
83-->[:image_picker] AndroidManifest.xml:15:13-47
84            <meta-data
84-->[:image_picker] AndroidManifest.xml:16:13-18:75
85                android:name="android.support.FILE_PROVIDER_PATHS"
85-->[:image_picker] AndroidManifest.xml:17:17-67
86                android:resource="@xml/flutter_image_picker_file_paths" />
86-->[:image_picker] AndroidManifest.xml:18:17-72
87        </provider>
88
89        <receiver
89-->[com.google.android.gms:play-services-measurement:18.0.0] AndroidManifest.xml:29:9-33:20
90            android:name="com.google.android.gms.measurement.AppMeasurementReceiver"
90-->[com.google.android.gms:play-services-measurement:18.0.0] AndroidManifest.xml:30:13-85
91            android:enabled="true"
91-->[com.google.android.gms:play-services-measurement:18.0.0] AndroidManifest.xml:31:13-35
92            android:exported="false" >
92-->[com.google.android.gms:play-services-measurement:18.0.0] AndroidManifest.xml:32:13-37
93        </receiver>
94
95        <service
95-->[com.google.android.gms:play-services-measurement:18.0.0] AndroidManifest.xml:35:9-38:40
96            android:name="com.google.android.gms.measurement.AppMeasurementService"
96-->[com.google.android.gms:play-services-measurement:18.0.0] AndroidManifest.xml:36:13-84
97            android:enabled="true"
97-->[com.google.android.gms:play-services-measurement:18.0.0] AndroidManifest.xml:37:13-35
98            android:exported="false" />
98-->[com.google.android.gms:play-services-measurement:18.0.0] AndroidManifest.xml:38:13-37
99        <service
99-->[com.google.android.gms:play-services-measurement:18.0.0] AndroidManifest.xml:39:9-43:72
100            android:name="com.google.android.gms.measurement.AppMeasurementJobService"
100-->[com.google.android.gms:play-services-measurement:18.0.0] AndroidManifest.xml:40:13-87
101            android:enabled="true"
101-->[com.google.android.gms:play-services-measurement:18.0.0] AndroidManifest.xml:41:13-35
102            android:exported="false"
102-->[com.google.android.gms:play-services-measurement:18.0.0] AndroidManifest.xml:42:13-37
103            android:permission="android.permission.BIND_JOB_SERVICE" />
103-->[com.google.android.gms:play-services-measurement:18.0.0] AndroidManifest.xml:43:13-69
104        <service
104-->[com.google.android.gms:play-services-measurement-api:18.0.0] AndroidManifest.xml:27:9-33:19
105            android:name="com.google.firebase.components.ComponentDiscoveryService"
105-->[com.google.android.gms:play-services-measurement-api:18.0.0] AndroidManifest.xml:28:13-84
106            android:directBootAware="true"
106-->[com.google.firebase:firebase-common:19.4.0] AndroidManifest.xml:35:13-43
107            android:exported="false" >
107-->[com.google.android.gms:play-services-measurement-api:18.0.0] AndroidManifest.xml:29:13-37
108            <meta-data
108-->[com.google.android.gms:play-services-measurement-api:18.0.0] AndroidManifest.xml:30:13-32:85
109                android:name="com.google.firebase.components:com.google.firebase.analytics.connector.internal.AnalyticsConnectorRegistrar"
109-->[com.google.android.gms:play-services-measurement-api:18.0.0] AndroidManifest.xml:31:17-139
110                android:value="com.google.firebase.components.ComponentRegistrar" />
110-->[com.google.android.gms:play-services-measurement-api:18.0.0] AndroidManifest.xml:32:17-82
111            <meta-data
111-->[com.google.firebase:firebase-installations:16.3.4] AndroidManifest.xml:18:13-20:85
112                android:name="com.google.firebase.components:com.google.firebase.installations.FirebaseInstallationsRegistrar"
112-->[com.google.firebase:firebase-installations:16.3.4] AndroidManifest.xml:19:17-127
113                android:value="com.google.firebase.components.ComponentRegistrar" />
113-->[com.google.firebase:firebase-installations:16.3.4] AndroidManifest.xml:20:17-82
114        </service>
115
116        <provider
116-->[com.google.firebase:firebase-common:19.4.0] AndroidManifest.xml:26:9-31:39
117            android:name="com.google.firebase.provider.FirebaseInitProvider"
117-->[com.google.firebase:firebase-common:19.4.0] AndroidManifest.xml:27:13-77
118            android:authorities="com.example.Connect_in_single.firebaseinitprovider"
118-->[com.google.firebase:firebase-common:19.4.0] AndroidManifest.xml:28:13-72
119            android:directBootAware="true"
119-->[com.google.firebase:firebase-common:19.4.0] AndroidManifest.xml:29:13-43
120            android:exported="false"
120-->[com.google.firebase:firebase-common:19.4.0] AndroidManifest.xml:30:13-37
121            android:initOrder="100" />
121-->[com.google.firebase:firebase-common:19.4.0] AndroidManifest.xml:31:13-36
122
123        <meta-data
123-->[com.google.android.gms:play-services-basement:17.0.0] AndroidManifest.xml:23:9-25:69
124            android:name="com.google.android.gms.version"
124-->[com.google.android.gms:play-services-basement:17.0.0] AndroidManifest.xml:24:13-58
125            android:value="@integer/google_play_services_version" />
125-->[com.google.android.gms:play-services-basement:17.0.0] AndroidManifest.xml:25:13-66
126    </application>
127
128</manifest>